-0.008856
-0.008017
-0.002901
-0.010248
-0.010714
-0.004610
-0.007891
-0.006569
-0.009894
-0.009223
-0.007465
-0.008653
-0.004775
-0.006722
-0.008672
-0.009093
-0.008541
-0.006409
-0.006620
-0.006225
-0.009999
-0.008515
-0.005585
-0.010670
-0.006895
-0.009776
-0.006146
-0.008413
-0.004350
-0.008166
-0.006487
-0.009971
-0.008563
-0.007107
-0.012753
-0.007745
-0.009196
-0.008653
-0.007396
-0.004189
-0.010117
-0.008423
-0.008883
-0.008666
-0.007146
-0.006292
-0.007625
-0.009728
-0.009220
-0.006232
-0.008002
-0.007109
-0.005917
-0.006429
-0.010743
-0.006137
-0.008798
-0.006640
-0.008985
-0.007153
-0.010289
-0.004788
-0.010638
-0.010647
-0.009835
-0.007881
-0.006103
-0.007788
-0.007274
-0.009691
-0.008471
-0.006813
-0.003411
-0.008907
-0.010869
-0.010003
-0.006819
-0.005742
-0.005234
-0.005628
-0.007189
-0.005405
-0.006383
-0.007016
-0.005906
-0.009625
-0.009318
-0.007736
-0.008633
-0.009169
-0.005561
-0.008578
-0.006365
-0.011183
-0.006144
-0.008895
-0.012175
-0.008985
-0.008304
-0.005781
-0.006985
0.030091
3.877515
3.999241
4.000397
4.006028
4.005156
3.991106
4.008819
4.007072
4.000169
3.995231
3.999516
4.002144
3.991534
3.998263
4.000866
4.004675
4.006847
4.008438
4.011753
3.995378
3.994281
4.009194
3.991591
3.995703
4.007509
3.990903
4.005522
4.007519
3.993900
4.006066
3.834594
-0.780009
-0.984786
-0.987395
-0.981219
-0.983029
-0.976276
-0.995748
-0.989238
-0.971052
-0.980157
-0.982100
-0.984643
-0.970738
-0.964562
-0.996319
-0.982219
-0.972543
-0.980443
-1.010048
-0.860064
1.947173
1.985035
1.988705
1.990554
1.986800
1.987882
1.988630
1.984412
1.983988
1.985984
1.986948
1.982776
1.987539
1.985134
1.984212
1.988119
1.985917
1.984845
1.984864
1.984806
1.988066
1.981367
1.984495
1.980955
1.987977
1.982263
1.983652
1.983266
1.988173
1.985492
1.985075
1.984223
1.987669
1.982270
1.984045
1.987099
1.981720
1.985684
1.984500
2.000978
1.988382
1.985682
1.986471
1.985023
1.993248
1.985177
1.948813
1.956303
1.984552
1.977123
1.986323
1.989000
1.984404
1.982524
1.983873
1.986439
1.985337
1.980929
1.987001
1.987052
1.981288
1.986045
1.987467
1.987010
1.984631
1.987840
1.982482
1.980892
1.988081
1.985910
1.987292
1.983493
1.989535
1.984225
1.987247
1.982934
1.983246
1.983461
1.984969
1.986728
1.988100
1.942006
-1.798759
-1.989281
-1.997338
-2.000576
-1.995648
-1.984487
-1.999593
-1.955643
-1.979871
-1.987448
-1.989924
-2.003190
-2.057954
-2.032869
-2.041338
-1.987548
-1.979371
-1.992095
-1.998800
-1.895636
0.429750
2.926088
2.960490
2.962969
2.959402
2.957027
2.949855
2.947560
2.956706
2.949868
2.952565
2.958142
2.950465
2.961430
2.958838
2.951655
2.963409
2.960787
2.961879
2.960778
2.958557
2.961270
2.959864
2.960088
2.961157
2.961552
2.958377
2.962640
2.961429
2.960218
2.961781
2.959276
2.960598
2.961668
2.960059
2.960206
2.959384
2.960901
2.960148
2.960277
2.962756
2.961182
2.959794
2.961145
2.958018
2.958175
2.959721
2.959231
2.959940
2.961629
2.960958
2.958145
2.960094
2.962938
2.959538
2.956905
2.957682
2.955382
2.961428
2.959711
2.960829
2.960279
2.959918
2.962438
2.958625
2.958756
2.960118
2.961725
2.962008
2.957898
2.961255
2.959460
2.960138
2.957979
2.960011
2.959369
2.959517
2.962403
2.962025
2.961216
2.958944
2.958915
2.960905
2.957977
2.960401
2.959528
2.961004
2.958955
2.960286
2.958192
2.960614
2.943641
2.941692
2.943686
2.944073
2.942784
2.944986
2.943053
2.941510
2.943453
2.958894
2.959249
2.956552
2.961350
2.957851
2.959566
2.959832
2.960962
2.958881
2.944456
2.945107
2.943629
2.943381
2.944517
2.943797
2.946374
2.944108
2.941274
2.944834
2.944806
2.942542
2.943094
2.944985
2.942665
2.943197
2.944228
2.942434
2.944243
2.943870
2.946192
2.944504
2.943139
2.945078
2.943300
2.945303
2.941946
2.945288
2.944476
2.944726
2.943401
2.944897
2.943845
2.944352
2.943088
2.944914
2.943848
2.944956
2.944882
2.942705
2.942288
2.942628
2.942737
2.942538
2.916208
-1.053158
-1.148824
-1.140726
-1.143764
-1.139893
-1.143198
-1.142238
-1.142586
-1.149902
-1.148671
-1.145714
-1.146117
-1.141321
-1.146700
-1.150348
-1.143655
-1.144055
-1.133457
-1.138669
-1.142495
-1.140195
-1.146474
-1.153645
-1.139971
-1.144688
-1.137693
-1.140502
-1.141262
-1.146940
-1.141110
-1.147176
-1.144007
-1.145605
-1.143750
-1.134131
-1.145983
-1.147207
-1.139033
-1.148505
-1.145464
-1.101981
0.870178
0.881085
0.881136
0.880605
0.881175
0.880155
0.879009
0.880092
0.881351
0.882001
0.881460
0.900188
0.901823
0.899423
0.881164
0.901583
0.897212
0.880320
0.882124
0.896265
0.880001
0.879153
0.879635
0.879077
0.863644
0.857276
0.862322
0.864917
0.860273
0.864902
0.860810
0.860437
0.863510
0.866620
0.880291
0.882133
0.854435
0.851048
0.880817
0.850292
0.877827
0.882008
0.880714
0.880220
0.880275
0.881029
0.880166
0.880718
0.880220
0.869963
0.877811
0.874075
0.880827
0.881515
0.886516
0.878854
0.882145
0.881706
0.880650
0.885719
0.881248
0.881286
0.882360
0.880407
0.880415
0.879554
0.878214
0.879951
0.882716
0.879607
0.881397
0.880185
0.871791
0.870883
0.869088
0.868468
0.871303
0.871402
0.870724
0.869907
0.870171
0.870314
0.869487
0.871685
0.861834
0.869202
0.869910
0.869958
0.861569
0.869036
0.870411
0.870781
0.871132
0.869836
0.873455
0.874184
0.875761
0.878615
0.877426
0.876516
0.878553
0.875886
0.872695
0.873884
0.872612
0.872350
0.871969
0.876071
0.874413
0.872245
0.870188
0.887331
0.880532
0.870077
0.869853
0.869481
0.870609
0.870588
0.868947
0.871311
0.873837
0.870341
0.882931
0.881134
0.880252
0.880417
0.868573
0.869167
0.870653
0.870409
0.869721
0.883175
0.880446
0.878622
0.880480
0.879334
0.880116
0.879759
0.878895
0.879723
0.879504
0.880752
0.878987
0.879345
0.879487
0.879575
0.881287
0.881272
0.878955
0.880722
0.868387
0.869902
0.870250
0.868068
0.883675
0.880165
0.880640
0.885000
0.923588
0.880964
0.880426
0.881530
0.881428
0.878364
0.837983
0.828314
0.831554
0.844955
0.835959
0.839607
0.843460
0.830767
0.846266
0.833902
0.840738
0.840319
0.841610
0.843497
0.835781
0.871015
0.869851
0.870046
0.868787
0.869837
0.870202
0.869982
0.870320
0.868753
0.882639
0.886397
0.880218
0.882080
0.887190
0.879606
0.875883
0.865656
0.865848
0.867213
0.867087
0.881132
0.878953
0.883650
0.881791
0.876784
0.880550
0.877856
0.871187
0.880121
0.880344
0.883132
0.877832
0.882322
0.877758
0.879443
0.919664
5.173317
5.210052
5.209552
5.210752
5.208135
5.210014
5.208336
5.209462
5.212297
5.210804
5.209616
5.211084
5.210904
5.209685
5.208184
5.213546
5.210486
5.213287
5.210316
5.212567
5.211441
5.210385
5.207590
5.209103
5.209783
5.212122
5.211998
5.210880
5.210264
5.211301
5.209444
5.212203
5.209131
5.207808
5.210174
5.207776
5.210943
5.212597
5.207938
5.207445
5.209969
5.210249
5.212442
5.210960
5.211147
5.209035
5.210369
5.212258
5.211622
5.209940
5.209837
5.214613
5.211067
5.209306
5.209639
5.210694
5.212790
5.209911
5.210682
5.213378
5.212291
5.209568
5.208771
5.212574
5.210354
5.210201
5.207988
5.205741
5.208853
5.212889
5.209532
5.208899
5.209779
5.211627
5.209036
5.206210
5.209125
5.212351
5.212739
5.212425
5.211218
5.210713
5.208527
5.211645
5.209055
5.211229
5.207996
5.210189
5.212602
5.209856
5.211112
5.210280
5.209660
5.210846
5.209517
5.211402
5.209169
5.208985
5.209642
5.212110
5.211254
5.211999
5.214210
5.209768
5.209437
5.211896
5.210076
5.211434
5.211691
5.211850
5.210181
5.213828
5.180490
2.171095
2.036529
2.050062
2.055886
2.039138
2.058990
2.043886
2.037500
2.052257
2.039195
2.031005
2.014871
2.049567
2.047705
2.033133
2.031114
2.021324
2.034567
2.037043
2.147459
4.123303
4.194897
4.177616
4.174850
4.180203
4.182953
4.182838
4.182859
4.184503
4.185431
4.179744
4.175100
4.182406
4.188947
4.195356
4.180916
4.173306
4.171722
4.177403
4.173731
4.179716
4.173272
4.184447
4.192016
4.189362
4.182744
4.184206
4.180366
4.174862
4.173931
4.052403
0.030892
0.008302
0.009677
0.010271
0.010492
0.010701
0.012264
0.009479
0.010641
0.008430
0.011032
0.009550
0.010861
0.012882
0.009228
0.009729
0.011872
0.011531
0.010523
0.009647
0.009271
0.009036
0.009235
0.010360
0.010366
0.011772
0.010123
0.010615
0.009367
0.010239
0.008805
0.010810
0.008569
0.010202
0.011127
0.010475
0.010679
0.009580
0.007327
0.009582
0.010478
0.008504
0.009238
0.011758
0.009962
0.010147
0.008539
0.010026
0.011043
0.008271
0.009669
0.009754
0.010465
0.011448
0.011823
0.010607
0.011653
0.009447
0.009813
0.008922
0.012356
0.008169
0.010549
0.009684
0.010533
0.008460
0.008252
0.010384
0.012085
0.010569
0.010720
0.009330
0.010414
0.009442
0.009381
0.009150
0.009719
0.010953
0.012348
0.010355
0.009912
0.008626
0.010897
0.010679
0.009179
0.010941
0.011430
0.009570
0.010051
0.011600
0.009803
0.010654
0.009666
0.010072
0.008002
0.009014
0.010022
0.009324
0.008140
0.010696
0.009585
0.010840
0.009073
0.007791
0.011616
0.009656
0.010011
0.009388
0.009702
0.011476
0.011193
0.009343
0.010558
0.009675
0.009791
0.009579
0.009546
0.011853
0.009912
0.010858
0.010284
0.010725
0.010178
0.009671
0.009968
0.012227
0.010243
0.009414
0.009756
0.011883
0.008853
0.009919
0.009273
0.008435
0.010742
0.010714
0.010848
0.010923
0.002428
0.003546
0.001140
0.007866
0.009898
0.011598
0.008590
0.009584
0.011752
0.012243
0.036725
0.033622
0.009635
0.010697
0.009465
0.011210
0.010283
0.009129
0.010187
0.010985
0.011697
0.008621
0.009308
0.010415
0.010895
0.010353
0.009693
0.013805
0.008295
0.011835
0.009913
0.008817
0.009665
0.011172
0.010978
0.008091
0.010904
0.010511
0.011148
0.011793
0.007582
0.011392
0.009340
0.009304
0.009177
0.010296
0.009715
0.010450
0.009279
0.011784
0.010249
0.008927
0.010287
0.009956
0.011174
0.009377
0.011019
